<?xml version="1.0" encoding="UTF-8"?>
<!-- Generated by org.testng.reporters.JUnitXMLReporter -->
<testsuite ignored="1" hostname="sharanabasappa" failures="1" tests="2" name="Error Validation Test" time="17.187" errors="0" timestamp="2024-05-28T19:02:56 IST">
  <testcase classname="EcommerceApplicationPractice.Tests.ErrorValidation" name="LoginErrorValidation" time="1.876">
    <skipped/>
  </testcase> <!-- LoginErrorValidation -->
  <testcase classname="EcommerceApplicationPractice.Tests.ErrorValidation" name="LoginErrorValidation" time="2.977">
    <failure type="java.lang.AssertionError" message="expected [Incorrect email or password.] but found [Incorrect email or password.1]">
      <![CDATA[java.lang.AssertionError: expected [Incorrect email or password.] but found [Incorrect email or password.1]
at EcommerceApplicationPractice.Tests.ErrorValidation.LoginErrorValidation(ErrorValidation.java:25)
at java.base/java.util.ArrayList.forEach(ArrayList.java:1511)
... Removed 33 stack frames]]>
    </failure>
  </testcase> <!-- LoginErrorValidation -->
  <testcase classname="EcommerceApplicationPractice.Tests.ErrorValidation" name="procucatErrorValidation" time="0.0">
    <ignored/>
  </testcase> <!-- procucatErrorValidation -->
</testsuite> <!-- Error Validation Test -->
